{
  "stats": {
    "suites": 1,
    "tests": 1,
    "passes": 1,
    "pending": 0,
    "failures": 0,
    "start": "2017-07-25T23:30:15.422Z",
    "end": "2017-07-25T23:30:21.405Z",
    "duration": 5983,
    "testsRegistered": 1,
    "passPercent": 100,
    "pendingPercent": 0,
    "other": 0,
    "hasOther": false,
    "skipped": 0,
    "hasSkipped": false,
    "passPercentClass": "success",
    "pendingPercentClass": "danger"
  },
  "suites": {
    "title": "",
    "suites": [
      {
        "title": "Navigate to google",
        "suites": [],
        "tests": [
          {
            "title": "Successfully navigate to google",
            "fullTitle": "Navigate to google: Successfully navigate to google",
            "timedOut": false,
            "duration": 5967,
            "state": "passed",
            "speed": "slow",
            "pass": true,
            "fail": false,
            "pending": false,
            "code": "I.amOnPage('https://www.google.com')",
            "err": {},
            "isRoot": false,
            "uuid": "19e29684-cf3a-445d-a1d5-a7e03d92b721",
            "parentUUID": "b6933ac4-d097-470b-85c6-42250bda2ce9",
            "isHook": false,
            "skipped": false
          }
        ],
        "pending": [],
        "root": false,
        "_timeout": 0,
        "file": "\\tests\\navigate.js",
        "uuid": "b6933ac4-d097-470b-85c6-42250bda2ce9",
        "beforeHooks": [
          {
            "title": "\"before all\" hook: codeceptjs.beforeSuite",
            "fullTitle": "Navigate to google \"before all\" hook: codeceptjs.beforeSuite",
            "timedOut": false,
            "duration": 4,
            "pass": false,
            "fail": false,
            "pending": false,
            "code": "scenario.suiteSetup(suite)",
            "err": {},
            "isRoot": false,
            "uuid": "1b17b91b-35d9-4218-a77d-b412c75419fe",
            "parentUUID": "b6933ac4-d097-470b-85c6-42250bda2ce9",
            "isHook": true,
            "skipped": false
          },
          {
            "title": "\"before each\" hook: codeceptjs.before",
            "fullTitle": "Navigate to google \"before each\" hook: codeceptjs.before",
            "timedOut": false,
            "duration": 0,
            "pass": false,
            "fail": false,
            "pending": false,
            "code": "recorder.startUnlessRunning();\nevent.emit(event.test.before);",
            "err": {},
            "isRoot": false,
            "uuid": "0d603be6-5350-43bc-b0eb-1fe3a00d4b52",
            "parentUUID": "b6933ac4-d097-470b-85c6-42250bda2ce9",
            "isHook": true,
            "skipped": false
          }
        ],
        "afterHooks": [
          {
            "title": "\"after all\" hook: codeceptjs.afterSuite",
            "fullTitle": "Navigate to google \"after all\" hook: codeceptjs.afterSuite",
            "timedOut": false,
            "duration": 1,
            "pass": false,
            "fail": false,
            "pending": false,
            "code": "scenario.suiteTeardown(suite)",
            "err": {},
            "isRoot": false,
            "uuid": "ac6600d4-8d89-465e-b98b-6f7171cd4af5",
            "parentUUID": "b6933ac4-d097-470b-85c6-42250bda2ce9",
            "isHook": true,
            "skipped": false
          },
          {
            "title": "\"after each\" hook: finialize codeceptjs",
            "fullTitle": "Navigate to google \"after each\" hook: finialize codeceptjs",
            "timedOut": false,
            "duration": 0,
            "pass": false,
            "fail": false,
            "pending": false,
            "code": "recorder.startUnlessRunning();\nevent.emit(event.test.after);",
            "err": {},
            "isRoot": false,
            "uuid": "93e64f17-af10-4da0-a9e8-6d5aa25fcf2f",
            "parentUUID": "b6933ac4-d097-470b-85c6-42250bda2ce9",
            "isHook": true,
            "skipped": false
          }
        ],
        "fullFile": "C:\\Git\\codeceptjs-webdriverio\\codeceptjs-webdriverio\\tests\\navigate.js",
        "passes": [
          {
            "title": "Successfully navigate to google",
            "fullTitle": "Navigate to google: Successfully navigate to google",
            "timedOut": false,
            "duration": 5967,
            "state": "passed",
            "speed": "slow",
            "pass": true,
            "fail": false,
            "pending": false,
            "code": "I.amOnPage('https://www.google.com')",
            "err": {},
            "isRoot": false,
            "uuid": "19e29684-cf3a-445d-a1d5-a7e03d92b721",
            "parentUUID": "b6933ac4-d097-470b-85c6-42250bda2ce9",
            "isHook": false,
            "skipped": false
          }
        ],
        "failures": [],
        "skipped": [],
        "hasBeforeHooks": true,
        "hasAfterHooks": true,
        "hasTests": true,
        "hasSuites": false,
        "totalTests": 1,
        "totalPasses": 1,
        "totalFailures": 0,
        "totalPending": 0,
        "totalSkipped": 0,
        "hasPasses": true,
        "hasFailures": false,
        "hasPending": false,
        "hasSkipped": false,
        "duration": 5967,
        "rootEmpty": false
      }
    ],
    "tests": [],
    "pending": [],
    "root": true,
    "_timeout": 0,
    "uuid": "8f719c86-efd1-4c43-bc3c-9adb643d43fe",
    "beforeHooks": [],
    "afterHooks": [],
    "fullFile": "",
    "file": "",
    "passes": [],
    "failures": [],
    "skipped": [],
    "hasBeforeHooks": false,
    "hasAfterHooks": false,
    "hasTests": false,
    "hasSuites": true,
    "totalTests": 0,
    "totalPasses": 0,
    "totalFailures": 0,
    "totalPending": 0,
    "totalSkipped": 0,
    "hasPasses": false,
    "hasFailures": false,
    "hasPending": false,
    "hasSkipped": false,
    "duration": 0,
    "rootEmpty": true
  },
  "allTests": [
    {
      "title": "Successfully navigate to google",
      "fullTitle": "Navigate to google: Successfully navigate to google",
      "timedOut": false,
      "duration": 5967,
      "state": "passed",
      "speed": "slow",
      "pass": true,
      "fail": false,
      "pending": false,
      "code": "I.amOnPage('https://www.google.com')",
      "err": {},
      "isRoot": false,
      "uuid": "19e29684-cf3a-445d-a1d5-a7e03d92b721",
      "parentUUID": "b6933ac4-d097-470b-85c6-42250bda2ce9",
      "isHook": false,
      "skipped": false
    }
  ],
  "allPending": [],
  "allPasses": [
    {
      "title": "Successfully navigate to google",
      "fullTitle": "Navigate to google: Successfully navigate to google",
      "timedOut": false,
      "duration": 5967,
      "state": "passed",
      "speed": "slow",
      "pass": true,
      "fail": false,
      "pending": false,
      "code": "I.amOnPage('https://www.google.com')",
      "err": {},
      "isRoot": false,
      "uuid": "19e29684-cf3a-445d-a1d5-a7e03d92b721",
      "parentUUID": "b6933ac4-d097-470b-85c6-42250bda2ce9",
      "isHook": false,
      "skipped": false
    }
  ],
  "allFailures": [],
  "copyrightYear": 2017
}